<?xml version="1.0" encoding="UTF-8"?>
<!-- Generated by org.testng.reporters.JUnitReportReporter -->
<testsuite hostname="krahul-lp" failures="0" tests="1" name="com.bobchosbar.testcases.TC_Order_001" time="34.117" errors="0" timestamp="2024-06-30T05:11:38 IST" skipped="0">
  <testcase classname="com.bobchosbar.testcases.TC_Order_001" name="tc_order_001" time="34.117"/>
  <system-out/>
</testsuite> <!-- com.bobchosbar.testcases.TC_Order_001 -->
